<?xml version="1.0" encoding="UTF-8"?>
<testng-results ignored="0" total="1" passed="1" failed="0" skipped="0">
  <reporter-output>
  </reporter-output>
  <suite started-at="2020-11-19T20:56:45 CST" name="Default suite" finished-at="2020-11-19T20:56:56 CST" duration-ms="10943">
    <groups>
    </groups>
    <test started-at="2020-11-19T20:56:45 CST" name="Default test" finished-at="2020-11-19T20:56:56 CST" duration-ms="10943">
      <class name="maven.SumUSingScanner">
        <test-method signature="SumUSingScanner()[pri:0, instance:maven.SumUSingScanner@65b3f4a4]" started-at="2020-11-19T20:56:45 CST" name="SumUSingScanner" finished-at="2020-11-19T20:56:56 CST" duration-ms="10915" status="PASS">
          <reporter-output>
          </reporter-output>
        </test-method> <!-- SumUSingScanner -->
      </class> <!-- maven.SumUSingScanner -->
    </test> <!-- Default test -->
  </suite> <!-- Default suite -->
</testng-results>
